{"level":"info","message":"=====REQUEST START=====","timestamp":"2015-03-10T16:32:01.155Z"}
{"host":"localhost:8080","connection":"keep-alive","cache-control":"no-cache","user-agent":"Mozilla/5.0 (X11; Linux x86_64) AppleWebKit/537.36 (KHTML, like Gecko) Chrome/40.0.2214.115 Safari/537.36","accept":"*/*","accept-encoding":"gzip, deflate, sdch","accept-language":"ru-RU,ru;q=0.8,en-US;q=0.6,en;q=0.4","cookie":"PHPSESSID=togi1u7e1kicag4bq784kho7e1","level":"info","message":"","timestamp":"2015-03-10T16:32:01.156Z"}
{"level":"info","message":"","timestamp":"2015-03-10T16:32:01.157Z"}
{"level":"info","message":"","timestamp":"2015-03-10T16:32:01.157Z"}
{"level":"info","message":"=====REQUEST END=====","timestamp":"2015-03-10T16:32:01.157Z"}
{"level":"info","message":"=*=*=RESPONSE START=*=*=","timestamp":"2015-03-10T16:32:01.159Z"}
{"level":"info","message":"/users/ [{\"_id\":\"54ff1ba4fa762f833725069f\",\"first_name\":\"London citizen\",\"last_name\":\"London citizen last name\",\"city_id\":\"54ff1ba4fa762f833725069e\",\"birth_date\":\"10.01.1990\",\"__v\":0,\"created\":\"2015-03-10T16:28:20.968Z\"},{\"_id\":\"54ff1ba4fa762f83372506a2\",\"first_name\":\"L.A. citizen\",\"last_name\":\"L.A. citizen last name\",\"city_id\":\"54ff1ba4fa762f83372506a1\",\"birth_date\":\"10.01.1990\",\"__v\":0,\"created\":\"2015-03-10T16:28:20.970Z\"},{\"_id\":\"54ff1ba4fa762f83372506a5\",\"first_name\":\"Tokyo citizen\",\"last_name\":\"Tokyo citizen last name\",\"city_id\":\"54ff1ba4fa762f83372506a4\",\"birth_date\":\"10.01.1990\",\"__v\":0,\"created\":\"2015-03-10T16:28:20.971Z\"}]","timestamp":"2015-03-10T16:32:01.159Z"}
{"level":"info","message":"=*=*=RESPONSE END=*=*=","timestamp":"2015-03-10T16:32:01.159Z"}
{"level":"info","message":"=====REQUEST START=====","timestamp":"2015-03-10T16:32:01.855Z"}
{"host":"localhost:8080","connection":"keep-alive","cache-control":"no-cache","user-agent":"Mozilla/5.0 (X11; Linux x86_64) AppleWebKit/537.36 (KHTML, like Gecko) Chrome/40.0.2214.115 Safari/537.36","accept":"*/*","accept-encoding":"gzip, deflate, sdch","accept-language":"ru-RU,ru;q=0.8,en-US;q=0.6,en;q=0.4","cookie":"PHPSESSID=togi1u7e1kicag4bq784kho7e1","level":"info","message":"","timestamp":"2015-03-10T16:32:01.856Z"}
{"level":"info","message":"","timestamp":"2015-03-10T16:32:01.856Z"}
{"level":"info","message":"","timestamp":"2015-03-10T16:32:01.856Z"}
{"level":"info","message":"=====REQUEST END=====","timestamp":"2015-03-10T16:32:01.857Z"}
{"level":"info","message":"=*=*=RESPONSE START=*=*=","timestamp":"2015-03-10T16:32:01.857Z"}
{"level":"info","message":"/users/ [{\"_id\":\"54ff1ba4fa762f833725069f\",\"first_name\":\"London citizen\",\"last_name\":\"London citizen last name\",\"city_id\":\"54ff1ba4fa762f833725069e\",\"birth_date\":\"10.01.1990\",\"__v\":0,\"created\":\"2015-03-10T16:28:20.968Z\"},{\"_id\":\"54ff1ba4fa762f83372506a2\",\"first_name\":\"L.A. citizen\",\"last_name\":\"L.A. citizen last name\",\"city_id\":\"54ff1ba4fa762f83372506a1\",\"birth_date\":\"10.01.1990\",\"__v\":0,\"created\":\"2015-03-10T16:28:20.970Z\"},{\"_id\":\"54ff1ba4fa762f83372506a5\",\"first_name\":\"Tokyo citizen\",\"last_name\":\"Tokyo citizen last name\",\"city_id\":\"54ff1ba4fa762f83372506a4\",\"birth_date\":\"10.01.1990\",\"__v\":0,\"created\":\"2015-03-10T16:28:20.971Z\"}]","timestamp":"2015-03-10T16:32:01.857Z"}
{"level":"info","message":"=*=*=RESPONSE END=*=*=","timestamp":"2015-03-10T16:32:01.857Z"}
{"level":"info","message":"=====REQUEST START=====","timestamp":"2015-03-10T16:32:04.367Z"}
{"host":"localhost:8080","connection":"keep-alive","cache-control":"no-cache","user-agent":"Mozilla/5.0 (X11; Linux x86_64) AppleWebKit/537.36 (KHTML, like Gecko) Chrome/40.0.2214.115 Safari/537.36","accept":"*/*","accept-encoding":"gzip, deflate, sdch","accept-language":"ru-RU,ru;q=0.8,en-US;q=0.6,en;q=0.4","cookie":"PHPSESSID=togi1u7e1kicag4bq784kho7e1","level":"info","message":"","timestamp":"2015-03-10T16:32:04.368Z"}
{"level":"info","message":"","timestamp":"2015-03-10T16:32:04.368Z"}
{"level":"info","message":"","timestamp":"2015-03-10T16:32:04.368Z"}
{"level":"info","message":"=====REQUEST END=====","timestamp":"2015-03-10T16:32:04.368Z"}
{"level":"info","message":"=*=*=RESPONSE START=*=*=","timestamp":"2015-03-10T16:32:04.368Z"}
{"level":"info","message":"/city/ [{\"_id\":\"54ff1ba4fa762f833725069e\",\"name\":\"London\",\"__v\":0,\"created\":\"2015-03-10T16:28:20.964Z\"},{\"_id\":\"54ff1ba4fa762f83372506a1\",\"name\":\"L.A.\",\"__v\":0,\"created\":\"2015-03-10T16:28:20.970Z\"},{\"_id\":\"54ff1ba4fa762f83372506a4\",\"name\":\"Tokyo\",\"__v\":0,\"created\":\"2015-03-10T16:28:20.971Z\"}]","timestamp":"2015-03-10T16:32:04.369Z"}
{"level":"info","message":"=*=*=RESPONSE END=*=*=","timestamp":"2015-03-10T16:32:04.369Z"}
{"level":"info","message":"=====REQUEST START=====","timestamp":"2015-03-10T16:32:09.068Z"}
{"host":"localhost:8080","connection":"keep-alive","cache-control":"no-cache","user-agent":"Mozilla/5.0 (X11; Linux x86_64) AppleWebKit/537.36 (KHTML, like Gecko) Chrome/40.0.2214.115 Safari/537.36","accept":"*/*","accept-encoding":"gzip, deflate, sdch","accept-language":"ru-RU,ru;q=0.8,en-US;q=0.6,en;q=0.4","cookie":"PHPSESSID=togi1u7e1kicag4bq784kho7e1","level":"info","message":"","timestamp":"2015-03-10T16:32:09.068Z"}
{"level":"info","message":"","timestamp":"2015-03-10T16:32:09.069Z"}
{"level":"info","message":"","timestamp":"2015-03-10T16:32:09.069Z"}
{"level":"info","message":"=====REQUEST END=====","timestamp":"2015-03-10T16:32:09.069Z"}
{"level":"info","message":"=*=*=RESPONSE START=*=*=","timestamp":"2015-03-10T16:32:09.070Z"}
{"level":"info","message":"/bill/ [{\"_id\":\"54ff1ba4fa762f83372506a0\",\"order_name\":\"London citizen's bill\",\"amount\":\"10\",\"user_id\":\"54ff1ba4fa762f833725069f\",\"__v\":0,\"created\":\"2015-03-10T16:28:20.968Z\"},{\"_id\":\"54ff1ba4fa762f83372506a3\",\"order_name\":\"L.A. citizen's bill\",\"amount\":\"10\",\"user_id\":\"54ff1ba4fa762f83372506a2\",\"__v\":0,\"created\":\"2015-03-10T16:28:20.971Z\"},{\"_id\":\"54ff1ba4fa762f83372506a6\",\"order_name\":\"Tokyo citizen's bill\",\"amount\":\"10\",\"user_id\":\"54ff1ba4fa762f83372506a5\",\"__v\":0,\"created\":\"2015-03-10T16:28:20.971Z\"}]","timestamp":"2015-03-10T16:32:09.070Z"}
{"level":"info","message":"=*=*=RESPONSE END=*=*=","timestamp":"2015-03-10T16:32:09.070Z"}
{"level":"info","message":"=====REQUEST START=====","timestamp":"2015-03-10T16:32:19.185Z"}
{"host":"localhost:8080","connection":"keep-alive","cache-control":"no-cache","user-agent":"Mozilla/5.0 (X11; Linux x86_64) AppleWebKit/537.36 (KHTML, like Gecko) Chrome/40.0.2214.115 Safari/537.36","accept":"*/*","accept-encoding":"gzip, deflate, sdch","accept-language":"ru-RU,ru;q=0.8,en-US;q=0.6,en;q=0.4","cookie":"PHPSESSID=togi1u7e1kicag4bq784kho7e1","level":"info","message":"","timestamp":"2015-03-10T16:32:19.185Z"}
{"level":"info","message":"","timestamp":"2015-03-10T16:32:19.185Z"}
{"level":"info","message":"","timestamp":"2015-03-10T16:32:19.185Z"}
{"level":"info","message":"=====REQUEST END=====","timestamp":"2015-03-10T16:32:19.185Z"}
{"level":"info","message":"=*=*=RESPONSE START=*=*=","timestamp":"2015-03-10T16:32:19.185Z"}
{"level":"info","message":"/users/ [{\"_id\":\"54ff1ba4fa762f833725069f\",\"first_name\":\"London citizen\",\"last_name\":\"London citizen last name\",\"city_id\":\"54ff1ba4fa762f833725069e\",\"birth_date\":\"10.01.1990\",\"__v\":0,\"created\":\"2015-03-10T16:28:20.968Z\"},{\"_id\":\"54ff1ba4fa762f83372506a2\",\"first_name\":\"L.A. citizen\",\"last_name\":\"L.A. citizen last name\",\"city_id\":\"54ff1ba4fa762f83372506a1\",\"birth_date\":\"10.01.1990\",\"__v\":0,\"created\":\"2015-03-10T16:28:20.970Z\"},{\"_id\":\"54ff1ba4fa762f83372506a5\",\"first_name\":\"Tokyo citizen\",\"last_name\":\"Tokyo citizen last name\",\"city_id\":\"54ff1ba4fa762f83372506a4\",\"birth_date\":\"10.01.1990\",\"__v\":0,\"created\":\"2015-03-10T16:28:20.971Z\"}]","timestamp":"2015-03-10T16:32:19.185Z"}
{"level":"info","message":"=*=*=RESPONSE END=*=*=","timestamp":"2015-03-10T16:32:19.185Z"}
{"level":"info","message":"=====REQUEST START=====","timestamp":"2015-03-10T16:33:15.585Z"}
{"host":"localhost:8080","connection":"keep-alive","cache-control":"no-cache","user-agent":"Mozilla/5.0 (X11; Linux x86_64) AppleWebKit/537.36 (KHTML, like Gecko) Chrome/40.0.2214.115 Safari/537.36","accept":"*/*","accept-encoding":"gzip, deflate, sdch","accept-language":"ru-RU,ru;q=0.8,en-US;q=0.6,en;q=0.4","cookie":"PHPSESSID=togi1u7e1kicag4bq784kho7e1","level":"info","message":"","timestamp":"2015-03-10T16:33:15.585Z"}
{"level":"info","message":"","timestamp":"2015-03-10T16:33:15.585Z"}
{"level":"info","message":"","timestamp":"2015-03-10T16:33:15.585Z"}
{"level":"info","message":"=====REQUEST END=====","timestamp":"2015-03-10T16:33:15.585Z"}
{"level":"info","message":"=*=*=RESPONSE START=*=*=","timestamp":"2015-03-10T16:33:15.586Z"}
{"level":"info","message":"/users/54ff1ba4fa762f833725069f {\"_id\":\"54ff1ba4fa762f833725069f\",\"first_name\":\"London citizen\",\"last_name\":\"London citizen last name\",\"city_id\":\"54ff1ba4fa762f833725069e\",\"birth_date\":\"10.01.1990\",\"__v\":0,\"created\":\"2015-03-10T16:28:20.968Z\"}","timestamp":"2015-03-10T16:33:15.586Z"}
{"level":"info","message":"=*=*=RESPONSE END=*=*=","timestamp":"2015-03-10T16:33:15.586Z"}
{"level":"info","message":"=====REQUEST START=====","timestamp":"2015-03-10T16:33:20.043Z"}
{"host":"localhost:8080","connection":"keep-alive","cache-control":"no-cache","user-agent":"Mozilla/5.0 (X11; Linux x86_64) AppleWebKit/537.36 (KHTML, like Gecko) Chrome/40.0.2214.115 Safari/537.36","accept":"*/*","accept-encoding":"gzip, deflate, sdch","accept-language":"ru-RU,ru;q=0.8,en-US;q=0.6,en;q=0.4","cookie":"PHPSESSID=togi1u7e1kicag4bq784kho7e1","level":"info","message":"","timestamp":"2015-03-10T16:33:20.043Z"}
{"level":"info","message":"","timestamp":"2015-03-10T16:33:20.044Z"}
{"level":"info","message":"","timestamp":"2015-03-10T16:33:20.044Z"}
{"level":"info","message":"=====REQUEST END=====","timestamp":"2015-03-10T16:33:20.044Z"}
{"level":"info","message":"=*=*=RESPONSE START=*=*=","timestamp":"2015-03-10T16:33:20.047Z"}
{"level":"info","message":"/users/ [{\"_id\":\"54ff1ba4fa762f833725069f\",\"first_name\":\"London citizen\",\"last_name\":\"London citizen last name\",\"city_id\":\"54ff1ba4fa762f833725069e\",\"birth_date\":\"10.01.1990\",\"__v\":0,\"created\":\"2015-03-10T16:28:20.968Z\"},{\"_id\":\"54ff1ba4fa762f83372506a2\",\"first_name\":\"L.A. citizen\",\"last_name\":\"L.A. citizen last name\",\"city_id\":\"54ff1ba4fa762f83372506a1\",\"birth_date\":\"10.01.1990\",\"__v\":0,\"created\":\"2015-03-10T16:28:20.970Z\"},{\"_id\":\"54ff1ba4fa762f83372506a5\",\"first_name\":\"Tokyo citizen\",\"last_name\":\"Tokyo citizen last name\",\"city_id\":\"54ff1ba4fa762f83372506a4\",\"birth_date\":\"10.01.1990\",\"__v\":0,\"created\":\"2015-03-10T16:28:20.971Z\"}]","timestamp":"2015-03-10T16:33:20.047Z"}
{"level":"info","message":"=*=*=RESPONSE END=*=*=","timestamp":"2015-03-10T16:33:20.050Z"}
{"level":"info","message":"=====REQUEST START=====","timestamp":"2015-03-10T16:33:25.295Z"}
{"host":"localhost:8080","connection":"keep-alive","cache-control":"no-cache","user-agent":"Mozilla/5.0 (X11; Linux x86_64) AppleWebKit/537.36 (KHTML, like Gecko) Chrome/40.0.2214.115 Safari/537.36","accept":"*/*","accept-encoding":"gzip, deflate, sdch","accept-language":"ru-RU,ru;q=0.8,en-US;q=0.6,en;q=0.4","cookie":"PHPSESSID=togi1u7e1kicag4bq784kho7e1","level":"info","message":"","timestamp":"2015-03-10T16:33:25.295Z"}
{"level":"info","message":"","timestamp":"2015-03-10T16:33:25.295Z"}
{"level":"info","message":"","timestamp":"2015-03-10T16:33:25.295Z"}
{"level":"info","message":"=====REQUEST END=====","timestamp":"2015-03-10T16:33:25.295Z"}
{"level":"info","message":"=*=*=RESPONSE START=*=*=","timestamp":"2015-03-10T16:33:25.296Z"}
{"level":"info","message":"/users/54ff1ba4fa762f83372506a2 {\"_id\":\"54ff1ba4fa762f83372506a2\",\"first_name\":\"L.A. citizen\",\"last_name\":\"L.A. citizen last name\",\"city_id\":\"54ff1ba4fa762f83372506a1\",\"birth_date\":\"10.01.1990\",\"__v\":0,\"created\":\"2015-03-10T16:28:20.970Z\"}","timestamp":"2015-03-10T16:33:25.296Z"}
{"level":"info","message":"=*=*=RESPONSE END=*=*=","timestamp":"2015-03-10T16:33:25.296Z"}
{"level":"info","message":"=====REQUEST START=====","timestamp":"2015-03-10T16:33:27.253Z"}
{"host":"localhost:8080","connection":"keep-alive","cache-control":"no-cache","user-agent":"Mozilla/5.0 (X11; Linux x86_64) AppleWebKit/537.36 (KHTML, like Gecko) Chrome/40.0.2214.115 Safari/537.36","accept":"*/*","accept-encoding":"gzip, deflate, sdch","accept-language":"ru-RU,ru;q=0.8,en-US;q=0.6,en;q=0.4","cookie":"PHPSESSID=togi1u7e1kicag4bq784kho7e1","level":"info","message":"","timestamp":"2015-03-10T16:33:27.253Z"}
{"level":"info","message":"","timestamp":"2015-03-10T16:33:27.254Z"}
{"level":"info","message":"","timestamp":"2015-03-10T16:33:27.254Z"}
{"level":"info","message":"=====REQUEST END=====","timestamp":"2015-03-10T16:33:27.254Z"}
{"level":"info","message":"=*=*=RESPONSE START=*=*=","timestamp":"2015-03-10T16:33:27.254Z"}
{"level":"info","message":"/users/ [{\"_id\":\"54ff1ba4fa762f833725069f\",\"first_name\":\"London citizen\",\"last_name\":\"London citizen last name\",\"city_id\":\"54ff1ba4fa762f833725069e\",\"birth_date\":\"10.01.1990\",\"__v\":0,\"created\":\"2015-03-10T16:28:20.968Z\"},{\"_id\":\"54ff1ba4fa762f83372506a2\",\"first_name\":\"L.A. citizen\",\"last_name\":\"L.A. citizen last name\",\"city_id\":\"54ff1ba4fa762f83372506a1\",\"birth_date\":\"10.01.1990\",\"__v\":0,\"created\":\"2015-03-10T16:28:20.970Z\"},{\"_id\":\"54ff1ba4fa762f83372506a5\",\"first_name\":\"Tokyo citizen\",\"last_name\":\"Tokyo citizen last name\",\"city_id\":\"54ff1ba4fa762f83372506a4\",\"birth_date\":\"10.01.1990\",\"__v\":0,\"created\":\"2015-03-10T16:28:20.971Z\"}]","timestamp":"2015-03-10T16:33:27.254Z"}
{"level":"info","message":"=*=*=RESPONSE END=*=*=","timestamp":"2015-03-10T16:33:27.254Z"}
{"level":"info","message":"=====REQUEST START=====","timestamp":"2015-03-10T16:36:16.968Z"}
{"host":"localhost:8080","connection":"keep-alive","cache-control":"no-cache","user-agent":"Mozilla/5.0 (X11; Linux x86_64) AppleWebKit/537.36 (KHTML, like Gecko) Chrome/40.0.2214.115 Safari/537.36","accept":"*/*","accept-encoding":"gzip, deflate, sdch","accept-language":"ru-RU,ru;q=0.8,en-US;q=0.6,en;q=0.4","cookie":"PHPSESSID=togi1u7e1kicag4bq784kho7e1","level":"info","message":"","timestamp":"2015-03-10T16:36:16.970Z"}
{"level":"info","message":"","timestamp":"2015-03-10T16:36:16.970Z"}
{"level":"info","message":"","timestamp":"2015-03-10T16:36:16.970Z"}
{"level":"info","message":"=====REQUEST END=====","timestamp":"2015-03-10T16:36:16.970Z"}
{"level":"info","message":"=*=*=RESPONSE START=*=*=","timestamp":"2015-03-10T16:36:16.973Z"}
{"level":"info","message":"/city/ [{\"_id\":\"54ff1ba4fa762f833725069e\",\"name\":\"London\",\"__v\":0,\"created\":\"2015-03-10T16:28:20.964Z\"},{\"_id\":\"54ff1ba4fa762f83372506a1\",\"name\":\"L.A.\",\"__v\":0,\"created\":\"2015-03-10T16:28:20.970Z\"},{\"_id\":\"54ff1ba4fa762f83372506a4\",\"name\":\"Tokyo\",\"__v\":0,\"created\":\"2015-03-10T16:28:20.971Z\"}]","timestamp":"2015-03-10T16:36:16.973Z"}
{"level":"info","message":"=*=*=RESPONSE END=*=*=","timestamp":"2015-03-10T16:36:16.973Z"}
{"level":"info","message":"=====REQUEST START=====","timestamp":"2015-03-10T16:36:20.758Z"}
{"host":"localhost:8080","connection":"keep-alive","cache-control":"no-cache","user-agent":"Mozilla/5.0 (X11; Linux x86_64) AppleWebKit/537.36 (KHTML, like Gecko) Chrome/40.0.2214.115 Safari/537.36","accept":"*/*","accept-encoding":"gzip, deflate, sdch","accept-language":"ru-RU,ru;q=0.8,en-US;q=0.6,en;q=0.4","cookie":"PHPSESSID=togi1u7e1kicag4bq784kho7e1","level":"info","message":"","timestamp":"2015-03-10T16:36:20.758Z"}
{"level":"info","message":"","timestamp":"2015-03-10T16:36:20.758Z"}
{"level":"info","message":"","timestamp":"2015-03-10T16:36:20.758Z"}
{"level":"info","message":"=====REQUEST END=====","timestamp":"2015-03-10T16:36:20.758Z"}
{"level":"info","message":"=*=*=RESPONSE START=*=*=","timestamp":"2015-03-10T16:36:20.759Z"}
{"level":"info","message":"/city/54ff1ba4fa762f833725069e {\"_id\":\"54ff1ba4fa762f833725069e\",\"name\":\"London\",\"__v\":0,\"created\":\"2015-03-10T16:28:20.964Z\"}","timestamp":"2015-03-10T16:36:20.759Z"}
{"level":"info","message":"=*=*=RESPONSE END=*=*=","timestamp":"2015-03-10T16:36:20.759Z"}
{"level":"info","message":"=====REQUEST START=====","timestamp":"2015-03-10T16:40:01.429Z"}
{"host":"localhost:8080","connection":"keep-alive","cache-control":"no-cache","user-agent":"Mozilla/5.0 (X11; Linux x86_64) AppleWebKit/537.36 (KHTML, like Gecko) Chrome/40.0.2214.115 Safari/537.36","accept":"*/*","accept-encoding":"gzip, deflate, sdch","accept-language":"ru-RU,ru;q=0.8,en-US;q=0.6,en;q=0.4","cookie":"PHPSESSID=togi1u7e1kicag4bq784kho7e1","level":"info","message":"","timestamp":"2015-03-10T16:40:01.430Z"}
{"level":"info","message":"","timestamp":"2015-03-10T16:40:01.430Z"}
{"level":"info","message":"","timestamp":"2015-03-10T16:40:01.430Z"}
{"level":"info","message":"=====REQUEST END=====","timestamp":"2015-03-10T16:40:01.430Z"}
{"level":"info","message":"=*=*=RESPONSE START=*=*=","timestamp":"2015-03-10T16:40:01.433Z"}
{"level":"info","message":"/city/54ff1ba4fa762f833725069e {\"_id\":\"54ff1ba4fa762f833725069e\",\"name\":\"London\",\"__v\":0,\"created\":\"2015-03-10T16:28:20.964Z\"}","timestamp":"2015-03-10T16:40:01.433Z"}
{"level":"info","message":"=*=*=RESPONSE END=*=*=","timestamp":"2015-03-10T16:40:01.433Z"}
{"level":"info","message":"=====REQUEST START=====","timestamp":"2015-03-10T16:43:06.638Z"}
{"host":"localhost:8080","connection":"keep-alive","cache-control":"no-cache","user-agent":"Mozilla/5.0 (X11; Linux x86_64) AppleWebKit/537.36 (KHTML, like Gecko) Chrome/40.0.2214.115 Safari/537.36","accept":"*/*","accept-encoding":"gzip, deflate, sdch","accept-language":"ru-RU,ru;q=0.8,en-US;q=0.6,en;q=0.4","cookie":"PHPSESSID=togi1u7e1kicag4bq784kho7e1","level":"info","message":"","timestamp":"2015-03-10T16:43:06.639Z"}
{"level":"info","message":"","timestamp":"2015-03-10T16:43:06.640Z"}
{"level":"info","message":"","timestamp":"2015-03-10T16:43:06.640Z"}
{"level":"info","message":"=====REQUEST END=====","timestamp":"2015-03-10T16:43:06.640Z"}
{"level":"info","message":"=*=*=RESPONSE START=*=*=","timestamp":"2015-03-10T16:43:06.642Z"}
{"level":"info","message":"/city/54ff1ba4fa762f833725069e {\"_id\":\"54ff1ba4fa762f833725069e\",\"name\":\"London\",\"__v\":0,\"created\":\"2015-03-10T16:28:20.964Z\"}","timestamp":"2015-03-10T16:43:06.642Z"}
{"level":"info","message":"=*=*=RESPONSE END=*=*=","timestamp":"2015-03-10T16:43:06.642Z"}
{"date":"Tue Mar 10 2015 18:52:59 GMT+0200 (EET)","process":{"pid":14705,"uid":0,"gid":0,"cwd":"/home/alex/Projects/node/cityTask","execPath":"/usr/bin/nodejs","version":"v0.10.33","argv":["/usr/bin/nodejs","/home/alex/Projects/node/cityTask/bin/www"],"memoryUsage":{"rss":41312256,"heapTotal":31139328,"heapUsed":17144592}},"os":{"loadavg":[0.14453125,0.26025390625,0.3310546875],"uptime":29634.524083514},"trace":[{"column":11,"file":"http.js","function":"ServerResponse.OutgoingMessage.setHeader","line":689,"method":"OutgoingMessage.setHeader","native":false},{"column":10,"file":"/home/alex/Projects/node/cityTask/node_modules/express/lib/response.js","function":"ServerResponse.header","line":700,"method":"header","native":false},{"column":12,"file":"/home/alex/Projects/node/cityTask/node_modules/express/lib/response.js","function":"ServerResponse.send","line":154,"method":"send","native":false},{"column":15,"file":"/home/alex/Projects/node/cityTask/node_modules/express/lib/response.js","function":"ServerResponse.json","line":240,"method":"json","native":false},{"column":8,"file":"/home/alex/Projects/node/cityTask/routes/city.js","function":"","line":22,"method":null,"native":false},{"column":8,"file":"/home/alex/Projects/node/cityTask/node_modules/mongoose/node_modules/mpromise/lib/promise.js","function":"","line":177,"method":null,"native":false},{"column":17,"file":"events.js","function":"Promise.emit","line":95,"method":"emit","native":false},{"column":38,"file":"/home/alex/Projects/node/cityTask/node_modules/mongoose/node_modules/mpromise/lib/promise.js","function":"Promise.emit","line":84,"method":"emit","native":false},{"column":20,"file":"/home/alex/Projects/node/cityTask/node_modules/mongoose/node_modules/mpromise/lib/promise.js","function":"Promise.fulfill","line":97,"method":"fulfill","native":false},{"column":30,"file":"/home/alex/Projects/node/cityTask/node_modules/mongoose/lib/query.js","function":"Object.cb","line":1150,"method":"cb","native":false}],"stack":["Error: Can't set headers after they are sent.","    at ServerResponse.OutgoingMessage.setHeader (http.js:689:11)","    at ServerResponse.header (/home/alex/Projects/node/cityTask/node_modules/express/lib/response.js:700:10)","    at ServerResponse.send (/home/alex/Projects/node/cityTask/node_modules/express/lib/response.js:154:12)","    at ServerResponse.json (/home/alex/Projects/node/cityTask/node_modules/express/lib/response.js:240:15)","    at Promise.<anonymous> (/home/alex/Projects/node/cityTask/routes/city.js:22:8)","    at Promise.<anonymous> (/home/alex/Projects/node/cityTask/node_modules/mongoose/node_modules/mpromise/lib/promise.js:177:8)","    at Promise.emit (events.js:95:17)","    at Promise.emit (/home/alex/Projects/node/cityTask/node_modules/mongoose/node_modules/mpromise/lib/promise.js:84:38)","    at Promise.fulfill (/home/alex/Projects/node/cityTask/node_modules/mongoose/node_modules/mpromise/lib/promise.js:97:20)","    at Object.cb (/home/alex/Projects/node/cityTask/node_modules/mongoose/lib/query.js:1150:30)"],"level":"error","message":"uncaughtException: Can't set headers after they are sent.","timestamp":"2015-03-10T16:52:59.848Z"}
{"level":"info","message":"=====REQUEST START=====","timestamp":"2015-03-10T16:53:14.906Z"}
{"host":"localhost:8080","connection":"keep-alive","cache-control":"no-cache","user-agent":"Mozilla/5.0 (X11; Linux x86_64) AppleWebKit/537.36 (KHTML, like Gecko) Chrome/40.0.2214.115 Safari/537.36","accept":"*/*","accept-encoding":"gzip, deflate, sdch","accept-language":"ru-RU,ru;q=0.8,en-US;q=0.6,en;q=0.4","cookie":"PHPSESSID=togi1u7e1kicag4bq784kho7e1","level":"info","message":"","timestamp":"2015-03-10T16:53:14.907Z"}
{"level":"info","message":"","timestamp":"2015-03-10T16:53:14.907Z"}
{"level":"info","message":"","timestamp":"2015-03-10T16:53:14.907Z"}
{"level":"info","message":"=====REQUEST END=====","timestamp":"2015-03-10T16:53:14.907Z"}
{"level":"info","message":"=*=*=RESPONSE START=*=*=","timestamp":"2015-03-10T16:53:14.909Z"}
{"level":"info","message":"/users/ [{\"_id\":\"54ff2169db6cfab739d1548f\",\"first_name\":\"London citizen\",\"last_name\":\"London citizen last name\",\"city_id\":\"54ff2169db6cfab739d1548e\",\"birth_date\":\"10.01.1990\",\"__v\":0,\"created\":\"2015-03-10T16:52:57.091Z\"},{\"_id\":\"54ff2169db6cfab739d15492\",\"first_name\":\"L.A. citizen\",\"last_name\":\"L.A. citizen last name\",\"city_id\":\"54ff2169db6cfab739d15491\",\"birth_date\":\"10.01.1990\",\"__v\":0,\"created\":\"2015-03-10T16:52:57.093Z\"},{\"_id\":\"54ff2169db6cfab739d15495\",\"first_name\":\"Tokyo citizen\",\"last_name\":\"Tokyo citizen last name\",\"city_id\":\"54ff2169db6cfab739d15494\",\"birth_date\":\"10.01.1990\",\"__v\":0,\"created\":\"2015-03-10T16:52:57.094Z\"}]","timestamp":"2015-03-10T16:53:14.909Z"}
{"level":"info","message":"=*=*=RESPONSE END=*=*=","timestamp":"2015-03-10T16:53:14.909Z"}
{"level":"info","message":"=====REQUEST START=====","timestamp":"2015-03-10T16:53:20.350Z"}
{"host":"localhost:8080","connection":"keep-alive","cache-control":"no-cache","user-agent":"Mozilla/5.0 (X11; Linux x86_64) AppleWebKit/537.36 (KHTML, like Gecko) Chrome/40.0.2214.115 Safari/537.36","accept":"*/*","accept-encoding":"gzip, deflate, sdch","accept-language":"ru-RU,ru;q=0.8,en-US;q=0.6,en;q=0.4","cookie":"PHPSESSID=togi1u7e1kicag4bq784kho7e1","level":"info","message":"","timestamp":"2015-03-10T16:53:20.350Z"}
{"level":"info","message":"","timestamp":"2015-03-10T16:53:20.351Z"}
{"level":"info","message":"","timestamp":"2015-03-10T16:53:20.351Z"}
{"level":"info","message":"=====REQUEST END=====","timestamp":"2015-03-10T16:53:20.351Z"}
{"level":"info","message":"=*=*=RESPONSE START=*=*=","timestamp":"2015-03-10T16:53:20.351Z"}
{"level":"info","message":"/users/54ff2169db6cfab739d1548f {\"_id\":\"54ff2169db6cfab739d1548f\",\"first_name\":\"London citizen\",\"last_name\":\"London citizen last name\",\"city_id\":\"54ff2169db6cfab739d1548e\",\"birth_date\":\"10.01.1990\",\"__v\":0,\"created\":\"2015-03-10T16:52:57.091Z\"}","timestamp":"2015-03-10T16:53:20.351Z"}
{"level":"info","message":"=*=*=RESPONSE END=*=*=","timestamp":"2015-03-10T16:53:20.351Z"}
{"level":"info","message":"=====REQUEST START=====","timestamp":"2015-03-10T16:58:40.163Z"}
{"host":"localhost:8080","connection":"keep-alive","cache-control":"no-cache","user-agent":"Mozilla/5.0 (X11; Linux x86_64) AppleWebKit/537.36 (KHTML, like Gecko) Chrome/40.0.2214.115 Safari/537.36","accept":"*/*","accept-encoding":"gzip, deflate, sdch","accept-language":"ru-RU,ru;q=0.8,en-US;q=0.6,en;q=0.4","cookie":"PHPSESSID=togi1u7e1kicag4bq784kho7e1","level":"info","message":"","timestamp":"2015-03-10T16:58:40.164Z"}
{"level":"info","message":"","timestamp":"2015-03-10T16:58:40.164Z"}
{"level":"info","message":"","timestamp":"2015-03-10T16:58:40.164Z"}
{"level":"info","message":"=====REQUEST END=====","timestamp":"2015-03-10T16:58:40.164Z"}
{"level":"info","message":"=*=*=RESPONSE START=*=*=","timestamp":"2015-03-10T16:58:40.167Z"}
{"level":"info","message":"/users/54ff2169db6cfab739d1548f {\"_id\":\"54ff2169db6cfab739d1548f\",\"first_name\":\"London citizen\",\"last_name\":\"London citizen last name\",\"city_id\":\"54ff2169db6cfab739d1548e\",\"birth_date\":\"10.01.1990\",\"__v\":0,\"created\":\"2015-03-10T16:52:57.091Z\"}","timestamp":"2015-03-10T16:58:40.168Z"}
{"level":"info","message":"=*=*=RESPONSE END=*=*=","timestamp":"2015-03-10T16:58:40.168Z"}
{"level":"info","message":"=====REQUEST START=====","timestamp":"2015-03-10T16:58:40.690Z"}
{"host":"localhost:8080","connection":"keep-alive","cache-control":"no-cache","user-agent":"Mozilla/5.0 (X11; Linux x86_64) AppleWebKit/537.36 (KHTML, like Gecko) Chrome/40.0.2214.115 Safari/537.36","accept":"*/*","accept-encoding":"gzip, deflate, sdch","accept-language":"ru-RU,ru;q=0.8,en-US;q=0.6,en;q=0.4","cookie":"PHPSESSID=togi1u7e1kicag4bq784kho7e1","level":"info","message":"","timestamp":"2015-03-10T16:58:40.690Z"}
{"level":"info","message":"","timestamp":"2015-03-10T16:58:40.690Z"}
{"level":"info","message":"","timestamp":"2015-03-10T16:58:40.690Z"}
{"level":"info","message":"=====REQUEST END=====","timestamp":"2015-03-10T16:58:40.690Z"}
{"level":"info","message":"=*=*=RESPONSE START=*=*=","timestamp":"2015-03-10T16:58:40.690Z"}
{"level":"info","message":"/users/54ff2169db6cfab739d1548f {\"_id\":\"54ff2169db6cfab739d1548f\",\"first_name\":\"London citizen\",\"last_name\":\"London citizen last name\",\"city_id\":\"54ff2169db6cfab739d1548e\",\"birth_date\":\"10.01.1990\",\"__v\":0,\"created\":\"2015-03-10T16:52:57.091Z\"}","timestamp":"2015-03-10T16:58:40.690Z"}
{"level":"info","message":"=*=*=RESPONSE END=*=*=","timestamp":"2015-03-10T16:58:40.690Z"}
{"level":"info","message":"=====REQUEST START=====","timestamp":"2015-03-10T16:58:50.195Z"}
{"host":"localhost:8080","connection":"keep-alive","cache-control":"no-cache","user-agent":"Mozilla/5.0 (X11; Linux x86_64) AppleWebKit/537.36 (KHTML, like Gecko) Chrome/40.0.2214.115 Safari/537.36","accept":"*/*","accept-encoding":"gzip, deflate, sdch","accept-language":"ru-RU,ru;q=0.8,en-US;q=0.6,en;q=0.4","cookie":"PHPSESSID=togi1u7e1kicag4bq784kho7e1","level":"info","message":"","timestamp":"2015-03-10T16:58:50.196Z"}
{"level":"info","message":"","timestamp":"2015-03-10T16:58:50.196Z"}
{"level":"info","message":"","timestamp":"2015-03-10T16:58:50.196Z"}
{"level":"info","message":"=====REQUEST END=====","timestamp":"2015-03-10T16:58:50.196Z"}
{"level":"info","message":"=*=*=RESPONSE START=*=*=","timestamp":"2015-03-10T16:58:50.197Z"}
{"level":"info","message":"/users [{\"_id\":\"54ff2169db6cfab739d1548f\",\"first_name\":\"London citizen\",\"last_name\":\"London citizen last name\",\"city_id\":\"54ff2169db6cfab739d1548e\",\"birth_date\":\"10.01.1990\",\"__v\":0,\"created\":\"2015-03-10T16:52:57.091Z\"},{\"_id\":\"54ff2169db6cfab739d15492\",\"first_name\":\"L.A. citizen\",\"last_name\":\"L.A. citizen last name\",\"city_id\":\"54ff2169db6cfab739d15491\",\"birth_date\":\"10.01.1990\",\"__v\":0,\"created\":\"2015-03-10T16:52:57.093Z\"},{\"_id\":\"54ff2169db6cfab739d15495\",\"first_name\":\"Tokyo citizen\",\"last_name\":\"Tokyo citizen last name\",\"city_id\":\"54ff2169db6cfab739d15494\",\"birth_date\":\"10.01.1990\",\"__v\":0,\"created\":\"2015-03-10T16:52:57.094Z\"}]","timestamp":"2015-03-10T16:58:50.197Z"}
{"level":"info","message":"=*=*=RESPONSE END=*=*=","timestamp":"2015-03-10T16:58:50.197Z"}
